<?xml version="1.0" encoding="UTF-8"?>
<!-- Generated by org.testng.reporters.JUnitXMLReporter -->
<testsuite ignored="1" hostname="MSI" failures="0" tests="3" name="Regression" time="43.937" errors="0" timestamp="2024-11-13T13:18:58 IST">
  <testcase classname="mocktest.testcases.AddMarkTest" name="TC_S_004" time="10.54"/>
  <testcase classname="mocktest.testcases.AddMarkTest" name="TC_S_005" time="11.188"/>
  <testcase classname="mocktest.testcases.AddMarkTest" name="examNameDisclaimerTest" time="10.608"/>
  <testcase classname="mocktest.testcases.AddMarkTest" name="addMarkTest" time="0.0">
    <ignored/>
  </testcase> <!-- addMarkTest -->
</testsuite> <!-- Regression -->
