<?xml version="1.0" encoding="UTF-8"?>
<!-- Generated by org.testng.reporters.JUnitXMLReporter -->
<testsuite ignored="0" hostname="Omkar-Genext" failures="0" tests="2" name="Test_All" time="25.305" errors="0" timestamp="2024-05-19T18:13:09 IST">
  <testcase classname="mocktest.testcases.AcademicCyclePageTest" name="academicCyclePageUrlTest" time="5.031"/>
  <testcase classname="mocktest.testcases.AcademicCyclePageTest" name="addacademiccycleBtnTest" time="5.097"/>
</testsuite> <!-- Test_All -->
