<?xml version="1.0" encoding="UTF-8"?>
<testng-results ignored="1" total="4" passed="3" failed="0" skipped="0">
  <reporter-output>
  </reporter-output>
  <suite started-at="2024-11-13T13:18:14 IST" name="Suite" finished-at="2024-11-13T13:18:58 IST" duration-ms="43937">
    <groups>
      <group name="Regression">
        <method signature="AddMarkTest.TC_S_004()[pri:1, instance:mocktest.testcases.AddMarkTest@6d304f9d]" name="TC_S_004" class="mocktest.testcases.AddMarkTest"/>
        <method signature="AddMarkTest.TC_S_005()[pri:2, instance:mocktest.testcases.AddMarkTest@6d304f9d]" name="TC_S_005" class="mocktest.testcases.AddMarkTest"/>
        <method signature="AddMarkTest.examNameDisclaimerTest()[pri:3, instance:mocktest.testcases.AddMarkTest@6d304f9d]" name="examNameDisclaimerTest" class="mocktest.testcases.AddMarkTest"/>
      </group> <!-- Regression -->
    </groups>
    <test started-at="2024-11-13T13:18:14 IST" name="Regression" finished-at="2024-11-13T13:18:58 IST" duration-ms="43937">
      <class name="mocktest.testcases.AddMarkTest">
        <test-method is-config="true" signature="loadConfig()[pri:0, instance:mocktest.testcases.AddMarkTest@6d304f9d]" started-at="2024-11-13T13:18:14 IST" name="loadConfig" finished-at="2024-11-13T13:18:14 IST" duration-ms="268" status="PASS">
          <reporter-output>
          </reporter-output>
        </test-method> <!-- loadConfig -->
        <test-method is-config="true" signature="setup(java.lang.String)[pri:0, instance:mocktest.testcases.AddMarkTest@6d304f9d]" started-at="2024-11-13T13:18:14 IST" name="setup" finished-at="2024-11-13T13:18:19 IST" duration-ms="5069" status="PASS">
          <params>
            <param index="0">
              <value>
                <![CDATA[Chrome]]>
              </value>
            </param>
          </params>
          <reporter-output>
          </reporter-output>
        </test-method> <!-- setup -->
        <test-method signature="TC_S_004()[pri:1, instance:mocktest.testcases.AddMarkTest@6d304f9d]" started-at="2024-11-13T13:18:19 IST" name="TC_S_004" finished-at="2024-11-13T13:18:30 IST" duration-ms="10540" status="PASS">
          <reporter-output>
          </reporter-output>
        </test-method> <!-- TC_S_004 -->
        <test-method is-config="true" signature="setup(java.lang.String)[pri:0, instance:mocktest.testcases.AddMarkTest@6d304f9d]" started-at="2024-11-13T13:18:30 IST" name="setup" finished-at="2024-11-13T13:18:33 IST" duration-ms="3168" status="PASS">
          <params>
            <param index="0">
              <value>
                <![CDATA[Chrome]]>
              </value>
            </param>
          </params>
          <reporter-output>
          </reporter-output>
        </test-method> <!-- setup -->
        <test-method signature="TC_S_005()[pri:2, instance:mocktest.testcases.AddMarkTest@6d304f9d]" started-at="2024-11-13T13:18:33 IST" name="TC_S_005" finished-at="2024-11-13T13:18:44 IST" duration-ms="11188" status="PASS">
          <reporter-output>
          </reporter-output>
        </test-method> <!-- TC_S_005 -->
        <test-method is-config="true" signature="setup(java.lang.String)[pri:0, instance:mocktest.testcases.AddMarkTest@6d304f9d]" started-at="2024-11-13T13:18:44 IST" name="setup" finished-at="2024-11-13T13:18:47 IST" duration-ms="3309" status="PASS">
          <params>
            <param index="0">
              <value>
                <![CDATA[Chrome]]>
              </value>
            </param>
          </params>
          <reporter-output>
          </reporter-output>
        </test-method> <!-- setup -->
        <test-method signature="examNameDisclaimerTest()[pri:3, instance:mocktest.testcases.AddMarkTest@6d304f9d]" started-at="2024-11-13T13:18:47 IST" name="examNameDisclaimerTest" finished-at="2024-11-13T13:18:58 IST" duration-ms="10608" status="PASS">
          <reporter-output>
          </reporter-output>
        </test-method> <!-- examNameDisclaimerTest -->
        <test-method is-config="true" signature="afterSuite()[pri:0, instance:mocktest.testcases.AddMarkTest@6d304f9d]" started-at="2024-11-13T13:18:58 IST" name="afterSuite" finished-at="2024-11-13T13:18:59 IST" duration-ms="481" status="PASS">
          <reporter-output>
          </reporter-output>
        </test-method> <!-- afterSuite -->
      </class> <!-- mocktest.testcases.AddMarkTest -->
    </test> <!-- Regression -->
  </suite> <!-- Suite -->
</testng-results>
